+---------------------+--------------------------------------------------------+
|     Batch size      |                          512                           |
+=====================+========================================================+
| Bins                | 16                                                     |
+---------------------+--------------------------------------------------------+
| Bottle neck neurons | 16                                                     |
+---------------------+--------------------------------------------------------+
| Dropout             | 0.200                                                  |
+---------------------+--------------------------------------------------------+
| Epochs              | 5                                                      |
+---------------------+--------------------------------------------------------+
| Filters 1           | 128                                                    |
+---------------------+--------------------------------------------------------+
| Filters 2           | 64                                                     |
+---------------------+--------------------------------------------------------+
| Filters 3           | 32                                                     |
+---------------------+--------------------------------------------------------+
| Histogram           | 1                                                      |
+---------------------+--------------------------------------------------------+
| Learning rate       | 0.001                                                  |
+---------------------+--------------------------------------------------------+
| Load path           | ./noyeast-2ttrainyeast-                                |
|                     | indnotknowhyb-001-his16-e5-32-512abs.pt                |
+---------------------+--------------------------------------------------------+
| Save path           | None                                                   |
+---------------------+--------------------------------------------------------+
| Testing graphs      | output_files/i1_i2_i3_i9/                              |
+---------------------+--------------------------------------------------------+
| Training graphs     | ./dataset/train/                                       |
+---------------------+--------------------------------------------------------+
| Weight decay        | 0.001                                                  |
+---------------------+--------------------------------------------------------+

Enumerating unique labels.

number_of_labels 9029


Model evaluation.

Ged: 6.9879060470525545
Target: 1.9999998069400815
ACC: 0.0
ACC-hyb: 0
ACC-nohyb: 1

Baseline error: 0.0.

Model test error: 0.11057.
