+---------------------+------------------------------------+
|     Batch size      |                512                 |
+=====================+====================================+
| Bins                | 16                                 |
+---------------------+------------------------------------+
| Bottle neck neurons | 16                                 |
+---------------------+------------------------------------+
| Dropout             | 0.800                              |
+---------------------+------------------------------------+
| Epochs              | 10                                 |
+---------------------+------------------------------------+
| Filters 1           | 128                                |
+---------------------+------------------------------------+
| Filters 2           | 64                                 |
+---------------------+------------------------------------+
| Filters 3           | 32                                 |
+---------------------+------------------------------------+
| Histogram           | 1                                  |
+---------------------+------------------------------------+
| Learning rate       | 0.001                              |
+---------------------+------------------------------------+
| Load path           | ./gamma-001-his16-e10-32-512abs.pt |
+---------------------+------------------------------------+
| Save path           | None                               |
+---------------------+------------------------------------+
| Testing graphs      | output_files/i1_i2_i3_i4/          |
+---------------------+------------------------------------+
| Training graphs     | ./dataset/gamma/train/             |
+---------------------+------------------------------------+
| Weight decay        | 0.001                              |
+---------------------+------------------------------------+

Enumerating unique labels.

number_of_labels 18338


Model evaluation.

Ged: 1.3119407775219307
Target: 1.9999998069400815
ACC: 0.0
Gamma: 1.3

Baseline error: 0.0.

Model test error: 0.0021.
