#################### Your GPU usage is True! ########################

+---------------------+---------------------------+
|     Batch size      |            512            |
+=====================+===========================+
| Bins                | 16                        |
+---------------------+---------------------------+
| Bottle neck neurons | 16                        |
+---------------------+---------------------------+
| Dropout             | 0.200                     |
+---------------------+---------------------------+
| Embed dim           | 1024                      |
+---------------------+---------------------------+
| Epochs              | 5                         |
+---------------------+---------------------------+
| Filters 1           | 128                       |
+---------------------+---------------------------+
| Filters 2           | 64                        |
+---------------------+---------------------------+
| Filters 3           | 32                        |
+---------------------+---------------------------+
| Histogram           | True                      |
+---------------------+---------------------------+
| Learning rate       | 0.001                     |
+---------------------+---------------------------+
| Load path           | ./pretrained_GNN_0818.pt  |
+---------------------+---------------------------+
| Save path           | None                      |
+---------------------+---------------------------+
| Testing graphs      | output_files/i1_i2_i3_i4/ |
+---------------------+---------------------------+
| Training graphs     | ./dataset/train/          |
+---------------------+---------------------------+
| Weight decay        | 0.001                     |
+---------------------+---------------------------+

Enumerating unique labels.

Training graphs: 6694
Testing graphs: 1


Model evaluation.

input dim: edges_1: torch.Size([2, 210]), features_1: torch.Size([15]), labels_1: torch.Size([3])
Prediction: 0
Ground truth: 0
Pred prob: tensor([0.5081, 0.4854, 0.0065], device='cuda:0', grad_fn=<SqueezeBackward1>)

Accuracy: 1.0
Hybrid_count: 1
Non-hybrid_count: 0 

